Name                        Stmts   Miss  Cover   Missing
---------------------------------------------------------
cli/__init__.py                 0      0   100%
cli/cli.py                    230     90    61%   86, 91-92, 100, 111-206, 213-215, 227-228, 296-297
codigo/__init__.py              0      0   100%
codigo/backgammon.py          244     16    93%   230, 288, 296, 305-326, 338, 354, 377, 387
codigo/dados.py                12      0   100%
codigo/excepciones.py           3      0   100%
codigo/fichas.py                7      0   100%
codigo/jugadores.py            35      0   100%
codigo/tablero.py              29      0   100%
tests/test_backgammon.py      694      1    99%   1037
tests/test_cli.py             385      5    99%   123-124, 181-182, 637
tests/test_dados.py            24      1    96%   30
tests/test_excepciones.py      17      1    94%   25
tests/test_fichas.py           15      1    93%   20
tests/test_jugadores.py       187      1    99%   254
tests/test_tablero.py         159      1    99%   196
---------------------------------------------------------
TOTAL                        2041    117    94%
